<?xml version="1.0" encoding="UTF-8"?>
<!-- Generated by org.testng.reporters.JUnitXMLReporter -->
<testsuite ignored="3" hostname="DESKTOP-A54I250" failures="0" tests="2" name="Test" time="0.145" errors="0" timestamp="2026-03-13T21:47:42 IST">
  <testcase classname="testcases.MobileTest" name="mobileLogin" time="0.017"/>
  <testcase classname="testcases.LoginTest" name="login" time="0.001"/>
  <testcase classname="testcases.LoginTest" name="logout" time="0.0">
    <ignored/>
  </testcase> <!-- logout -->
  <testcase classname="testcases.LoginTest" name="methodC" time="0.0">
    <ignored/>
  </testcase> <!-- methodC -->
  <testcase classname="testcases.MobileTest" name="mobileLogout" time="0.0">
    <ignored/>
  </testcase> <!-- mobileLogout -->
</testsuite> <!-- Test -->
