<?xml version="1.0" encoding="UTF-8"?>
<testng-results ignored="0" total="2" passed="2" failed="0" skipped="0">
  <reporter-output>
  </reporter-output>
  <suite started-at="2026-03-11T22:16:17 IST" name="Suite" finished-at="2026-03-11T22:16:30 IST" duration-ms="13372">
    <groups>
    </groups>
    <test started-at="2026-03-11T22:16:17 IST" name="Test" finished-at="2026-03-11T22:16:30 IST" duration-ms="13372">
      <class name="testcases.ParallelTest">
        <test-method signature="methodA()[pri:0, instance:testcases.ParallelTest@7b98f307]" started-at="2026-03-11T22:16:17 IST" name="methodA" finished-at="2026-03-11T22:16:29 IST" duration-ms="12328" status="PASS">
          <reporter-output>
          </reporter-output>
        </test-method> <!-- methodA -->
        <test-method signature="methodB()[pri:0, instance:testcases.ParallelTest@7b98f307]" started-at="2026-03-11T22:16:17 IST" name="methodB" finished-at="2026-03-11T22:16:30 IST" duration-ms="13290" status="PASS">
          <reporter-output>
          </reporter-output>
        </test-method> <!-- methodB -->
      </class> <!-- testcases.ParallelTest -->
    </test> <!-- Test -->
  </suite> <!-- Suite -->
</testng-results>
