<?xml version="1.0" encoding="UTF-8"?>
<!-- Generated by org.testng.reporters.JUnitReportReporter -->
<testsuite hostname="DESKTOP-A54I250" failures="0" tests="3" name="testcases.PriorityTest" time="0.018" errors="0" timestamp="2026-03-12T22:12:19 IST" skipped="0">
  <testcase classname="testcases.PriorityTest" name="methodC" time="0.013"/>
  <testcase classname="testcases.PriorityTest" name="methodB" time="0.003"/>
  <testcase classname="testcases.PriorityTest" name="methodA" time="0.002"/>
</testsuite> <!-- testcases.PriorityTest -->
