<?xml version="1.0" encoding="UTF-8"?>
<!-- Generated by org.testng.reporters.JUnitReportReporter -->
<testsuite hostname="DESKTOP-A54I250" failures="0" tests="4" name="testcases.DataTest" time="0.019" errors="0" timestamp="2026-03-12T21:45:51 IST" skipped="0">
  <testcase classname="testcases.DataTest" name="signOut" time="0.004"/>
  <testcase classname="testcases.DataTest" name="signIn" time="0.012"/>
  <testcase classname="testcases.DataTest" name="signIn" time="0.002"/>
  <testcase classname="testcases.DataTest" name="signIn" time="0.001"/>
</testsuite> <!-- testcases.DataTest -->
